2021-05-20 02:22:18.446+0000 INFO  Starting...
2021-05-20 02:22:23.074+0000 INFO  ======== Neo4j 4.2.1 ========
2021-05-20 02:22:28.358+0000 INFO  Sending metrics to CSV file at C:\Users\Juan Avila\.Neo4jDesktop\relate-data\dbmss\dbms-1376a63c-ddc4-4148-9062-27fc80af9bfd\metrics
2021-05-20 02:22:28.398+0000 INFO  Bolt enabled on localhost:7687.
2021-05-20 02:22:30.292+0000 INFO  Remote interface available at http://localhost:7474/
2021-05-20 02:22:30.293+0000 INFO  Started.
2021-05-20 02:22:42.779+0000 WARN  The client is unauthorized due to authentication failure.
WARNING: sun.reflect.Reflection.getCallerClass is not supported. This will impact performance.
2021-05-20 14:02:50.305+0000 INFO  Starting...
2021-05-20 14:02:57.346+0000 INFO  ======== Neo4j 4.2.1 ========
2021-05-20 14:03:04.129+0000 INFO  Sending metrics to CSV file at C:\Users\Juan Avila\.Neo4jDesktop\relate-data\dbmss\dbms-1376a63c-ddc4-4148-9062-27fc80af9bfd\metrics
2021-05-20 14:03:04.213+0000 INFO  Bolt enabled on localhost:7687.
2021-05-20 14:03:06.479+0000 INFO  Remote interface available at http://localhost:7474/
2021-05-20 14:03:06.480+0000 INFO  Started.
WARNING: sun.reflect.Reflection.getCallerClass is not supported. This will impact performance.
2021-05-21 00:39:55.772+0000 INFO  Starting...
2021-05-21 00:40:02.855+0000 INFO  ======== Neo4j 4.2.1 ========
2021-05-21 00:40:09.418+0000 INFO  Sending metrics to CSV file at C:\Users\Juan Avila\.Neo4jDesktop\relate-data\dbmss\dbms-1376a63c-ddc4-4148-9062-27fc80af9bfd\metrics
2021-05-21 00:40:09.438+0000 INFO  Bolt enabled on localhost:7687.
2021-05-21 00:40:11.178+0000 INFO  Remote interface available at http://localhost:7474/
2021-05-21 00:40:11.179+0000 INFO  Started.
WARNING: sun.reflect.Reflection.getCallerClass is not supported. This will impact performance.
2021-05-21 01:33:51.006+0000 ERROR Client triggered an unexpected error [Neo.DatabaseError.General.UnknownError]: Lexical error at line 1, column 45.  Encountered: <EOF> after : "", reference b396e93b-dc1b-4068-ac46-d64b48f51f4f.
2021-05-22 16:41:59.881+0000 INFO  Starting...
2021-05-22 16:42:03.056+0000 INFO  ======== Neo4j 4.2.1 ========
2021-05-22 16:42:06.235+0000 INFO  Sending metrics to CSV file at C:\Users\Juan Avila\.Neo4jDesktop\relate-data\dbmss\dbms-1376a63c-ddc4-4148-9062-27fc80af9bfd\metrics
2021-05-22 16:42:06.253+0000 INFO  Bolt enabled on localhost:7687.
2021-05-22 16:42:07.447+0000 INFO  Remote interface available at http://localhost:7474/
2021-05-22 16:42:07.448+0000 INFO  Started.
WARNING: sun.reflect.Reflection.getCallerClass is not supported. This will impact performance.
2021-05-22 23:18:05.008+0000 WARN  The client is unauthorized due to authentication failure.
