2021-05-20 02:22:23.131+0000 INFO  {plugin-com.neo4j.plugin.jwt.auth.JwtAuthPlugin} jwt.auth.private_key=certificates/security.key.pem
2021-05-20 02:22:28.033+0000 INFO  Initializing system graph model for component 'security-users' with version -1 and status UNINITIALIZED
2021-05-20 02:22:28.063+0000 INFO  Setting up initial user from `auth.ini` file: neo4j
2021-05-20 02:22:28.064+0000 INFO  Creating new user 'neo4j' (passwordChangeRequired=false, suspended=false)
2021-05-20 02:22:28.088+0000 INFO  Setting version for 'security-users' to 2
2021-05-20 02:22:28.098+0000 INFO  After initialization of system graph model component 'security-users' have version 2 and status CURRENT
2021-05-20 02:22:28.107+0000 INFO  Performing postInitialization step for component 'security-users' with version 2 and status CURRENT
2021-05-20 02:22:28.159+0000 INFO  Initializing system graph model for component 'security-privileges' with version -1 and status UNINITIALIZED
2021-05-20 02:22:28.161+0000 INFO  Initializing security model with 6 roles
2021-05-20 02:22:28.276+0000 INFO  Setting version for 'security-privileges' to 4
2021-05-20 02:22:28.280+0000 INFO  Upgrading 'security-privileges' version property from 4 to 5
2021-05-20 02:22:28.286+0000 INFO  Upgrading 'security-privileges' version property from 5 to 6
2021-05-20 02:22:28.290+0000 INFO  Upgrading 'security-privileges' version property from 6 to 7
2021-05-20 02:22:28.290+0000 INFO  Upgrading 'security-privileges' version property from 7 to 8
2021-05-20 02:22:28.308+0000 INFO  Assigned admin role to user 'neo4j'.
2021-05-20 02:22:28.322+0000 INFO  After initialization of system graph model component 'security-privileges' have version 8 and status CURRENT
2021-05-20 02:22:32.439+0000 INFO  {plugin-com.neo4j.plugin.jwt.auth.JwtAuthPlugin} Log in attempted for user 'neo4j'.
2021-05-20 02:22:32.439+0000 ERROR {plugin-com.neo4j.plugin.jwt.auth.JwtAuthPlugin} Invalid serialized unsecured/JWS/JWE object: Missing part delimiters
2021-05-20 02:22:32.445+0000 INFO  [neo4j]: logged in
2021-05-20 02:22:36.375+0000 INFO  {plugin-com.neo4j.plugin.jwt.auth.JwtAuthPlugin} Log in attempted for user 'neo4j'.
2021-05-20 02:22:36.376+0000 ERROR {plugin-com.neo4j.plugin.jwt.auth.JwtAuthPlugin} Invalid serialized unsecured/JWS/JWE object: Missing part delimiters
2021-05-20 02:22:36.377+0000 INFO  [neo4j]: logged in
2021-05-20 02:22:39.467+0000 INFO  {plugin-com.neo4j.plugin.jwt.auth.JwtAuthPlugin} Log in attempted for user 'neo4j'.
2021-05-20 02:22:39.467+0000 ERROR {plugin-com.neo4j.plugin.jwt.auth.JwtAuthPlugin} Invalid serialized unsecured/JWS/JWE object: Missing part delimiters
2021-05-20 02:22:39.467+0000 INFO  [neo4j]: logged in
2021-05-20 02:22:39.534+0000 INFO  {plugin-com.neo4j.plugin.jwt.auth.JwtAuthPlugin} Log in attempted for user 'neo4j'.
2021-05-20 02:22:39.534+0000 ERROR {plugin-com.neo4j.plugin.jwt.auth.JwtAuthPlugin} Invalid serialized unsecured/JWS/JWE object: Missing part delimiters
2021-05-20 02:22:39.534+0000 INFO  [neo4j]: logged in
2021-05-20 02:22:42.774+0000 INFO  {plugin-com.neo4j.plugin.jwt.auth.JwtAuthPlugin} Log in attempted for user 'SpotyZeer'.
2021-05-20 02:22:42.774+0000 ERROR {plugin-com.neo4j.plugin.jwt.auth.JwtAuthPlugin} Invalid serialized unsecured/JWS/JWE object: Missing part delimiters
2021-05-20 02:22:42.774+0000 ERROR [SpotyZeer]: failed to log in: invalid principal or credentials
2021-05-20 02:23:03.866+0000 INFO  {plugin-com.neo4j.plugin.jwt.auth.JwtAuthPlugin} Log in attempted for user 'neo4j'.
2021-05-20 02:23:03.867+0000 ERROR {plugin-com.neo4j.plugin.jwt.auth.JwtAuthPlugin} Invalid serialized unsecured/JWS/JWE object: Missing part delimiters
2021-05-20 02:23:03.867+0000 INFO  [neo4j]: logged in
2021-05-20 02:23:48.760+0000 INFO  {plugin-com.neo4j.plugin.jwt.auth.JwtAuthPlugin} Log in attempted for user 'neo4j'.
2021-05-20 02:23:48.760+0000 ERROR {plugin-com.neo4j.plugin.jwt.auth.JwtAuthPlugin} Invalid serialized unsecured/JWS/JWE object: Missing part delimiters
2021-05-20 02:23:48.760+0000 INFO  [neo4j]: logged in
2021-05-20 02:35:05.285+0000 INFO  {plugin-com.neo4j.plugin.jwt.auth.JwtAuthPlugin} Log in attempted for user 'neo4j'.
2021-05-20 02:35:05.285+0000 ERROR {plugin-com.neo4j.plugin.jwt.auth.JwtAuthPlugin} Invalid serialized unsecured/JWS/JWE object: Missing part delimiters
2021-05-20 02:35:05.285+0000 INFO  [neo4j]: logged in
2021-05-20 02:35:20.383+0000 INFO  {plugin-com.neo4j.plugin.jwt.auth.JwtAuthPlugin} Log in attempted for user 'neo4j'.
2021-05-20 02:35:20.383+0000 ERROR {plugin-com.neo4j.plugin.jwt.auth.JwtAuthPlugin} Invalid serialized unsecured/JWS/JWE object: Missing part delimiters
2021-05-20 02:35:20.383+0000 INFO  [neo4j]: logged in
2021-05-20 02:37:32.924+0000 INFO  {plugin-com.neo4j.plugin.jwt.auth.JwtAuthPlugin} Log in attempted for user 'neo4j'.
2021-05-20 02:37:32.924+0000 ERROR {plugin-com.neo4j.plugin.jwt.auth.JwtAuthPlugin} Invalid serialized unsecured/JWS/JWE object: Missing part delimiters
2021-05-20 02:37:32.924+0000 INFO  [neo4j]: logged in
2021-05-20 02:37:49.641+0000 INFO  {plugin-com.neo4j.plugin.jwt.auth.JwtAuthPlugin} Log in attempted for user 'neo4j'.
2021-05-20 02:37:49.642+0000 ERROR {plugin-com.neo4j.plugin.jwt.auth.JwtAuthPlugin} Invalid serialized unsecured/JWS/JWE object: Missing part delimiters
2021-05-20 02:37:49.642+0000 INFO  [neo4j]: logged in
2021-05-20 02:38:08.497+0000 INFO  {plugin-com.neo4j.plugin.jwt.auth.JwtAuthPlugin} Log in attempted for user 'neo4j'.
2021-05-20 02:38:08.497+0000 ERROR {plugin-com.neo4j.plugin.jwt.auth.JwtAuthPlugin} Invalid serialized unsecured/JWS/JWE object: Missing part delimiters
2021-05-20 02:38:08.497+0000 INFO  [neo4j]: logged in
2021-05-20 02:38:19.922+0000 INFO  {plugin-com.neo4j.plugin.jwt.auth.JwtAuthPlugin} Log in attempted for user 'neo4j'.
2021-05-20 02:38:19.922+0000 ERROR {plugin-com.neo4j.plugin.jwt.auth.JwtAuthPlugin} Invalid serialized unsecured/JWS/JWE object: Missing part delimiters
2021-05-20 02:38:19.922+0000 INFO  [neo4j]: logged in
2021-05-20 02:39:05.463+0000 INFO  {plugin-com.neo4j.plugin.jwt.auth.JwtAuthPlugin} Log in attempted for user 'neo4j'.
2021-05-20 02:39:05.463+0000 ERROR {plugin-com.neo4j.plugin.jwt.auth.JwtAuthPlugin} Invalid serialized unsecured/JWS/JWE object: Missing part delimiters
2021-05-20 02:39:05.463+0000 INFO  [neo4j]: logged in
2021-05-20 02:40:14.061+0000 INFO  {plugin-com.neo4j.plugin.jwt.auth.JwtAuthPlugin} Log in attempted for user 'neo4j'.
2021-05-20 02:40:14.062+0000 ERROR {plugin-com.neo4j.plugin.jwt.auth.JwtAuthPlugin} Invalid serialized unsecured/JWS/JWE object: Missing part delimiters
2021-05-20 02:40:14.062+0000 INFO  [neo4j]: logged in
2021-05-20 02:40:37.491+0000 INFO  {plugin-com.neo4j.plugin.jwt.auth.JwtAuthPlugin} Log in attempted for user 'neo4j'.
2021-05-20 02:40:37.491+0000 ERROR {plugin-com.neo4j.plugin.jwt.auth.JwtAuthPlugin} Invalid serialized unsecured/JWS/JWE object: Missing part delimiters
2021-05-20 02:40:37.491+0000 INFO  [neo4j]: logged in
2021-05-20 02:41:55.174+0000 INFO  {plugin-com.neo4j.plugin.jwt.auth.JwtAuthPlugin} Log in attempted for user 'neo4j'.
2021-05-20 02:41:55.174+0000 ERROR {plugin-com.neo4j.plugin.jwt.auth.JwtAuthPlugin} Invalid serialized unsecured/JWS/JWE object: Missing part delimiters
2021-05-20 02:41:55.174+0000 INFO  [neo4j]: logged in
2021-05-20 02:42:57.017+0000 INFO  {plugin-com.neo4j.plugin.jwt.auth.JwtAuthPlugin} Log in attempted for user 'neo4j'.
2021-05-20 02:42:57.017+0000 ERROR {plugin-com.neo4j.plugin.jwt.auth.JwtAuthPlugin} Invalid serialized unsecured/JWS/JWE object: Missing part delimiters
2021-05-20 02:42:57.017+0000 INFO  [neo4j]: logged in
2021-05-20 02:43:14.694+0000 INFO  {plugin-com.neo4j.plugin.jwt.auth.JwtAuthPlugin} Log in attempted for user 'neo4j'.
2021-05-20 02:43:14.694+0000 ERROR {plugin-com.neo4j.plugin.jwt.auth.JwtAuthPlugin} Invalid serialized unsecured/JWS/JWE object: Missing part delimiters
2021-05-20 02:43:14.694+0000 INFO  [neo4j]: logged in
2021-05-20 02:43:35.561+0000 INFO  {plugin-com.neo4j.plugin.jwt.auth.JwtAuthPlugin} Log in attempted for user 'neo4j'.
2021-05-20 02:43:35.561+0000 ERROR {plugin-com.neo4j.plugin.jwt.auth.JwtAuthPlugin} Invalid serialized unsecured/JWS/JWE object: Missing part delimiters
2021-05-20 02:43:35.561+0000 INFO  [neo4j]: logged in
2021-05-20 02:48:05.601+0000 INFO  {plugin-com.neo4j.plugin.jwt.auth.JwtAuthPlugin} Log in attempted for user 'neo4j'.
2021-05-20 02:48:05.601+0000 ERROR {plugin-com.neo4j.plugin.jwt.auth.JwtAuthPlugin} Invalid serialized unsecured/JWS/JWE object: Missing part delimiters
2021-05-20 02:48:05.601+0000 INFO  [neo4j]: logged in
2021-05-20 02:48:19.062+0000 INFO  {plugin-com.neo4j.plugin.jwt.auth.JwtAuthPlugin} Log in attempted for user 'neo4j'.
2021-05-20 02:48:19.062+0000 ERROR {plugin-com.neo4j.plugin.jwt.auth.JwtAuthPlugin} Invalid serialized unsecured/JWS/JWE object: Missing part delimiters
2021-05-20 02:48:19.063+0000 INFO  [neo4j]: logged in
2021-05-20 02:48:43.983+0000 INFO  {plugin-com.neo4j.plugin.jwt.auth.JwtAuthPlugin} Log in attempted for user 'neo4j'.
2021-05-20 02:48:43.983+0000 ERROR {plugin-com.neo4j.plugin.jwt.auth.JwtAuthPlugin} Invalid serialized unsecured/JWS/JWE object: Missing part delimiters
2021-05-20 02:48:43.983+0000 INFO  [neo4j]: logged in
2021-05-20 02:49:12.799+0000 INFO  {plugin-com.neo4j.plugin.jwt.auth.JwtAuthPlugin} Log in attempted for user 'neo4j'.
2021-05-20 02:49:12.799+0000 ERROR {plugin-com.neo4j.plugin.jwt.auth.JwtAuthPlugin} Invalid serialized unsecured/JWS/JWE object: Missing part delimiters
2021-05-20 02:49:12.799+0000 INFO  [neo4j]: logged in
2021-05-20 02:49:36.211+0000 INFO  {plugin-com.neo4j.plugin.jwt.auth.JwtAuthPlugin} Log in attempted for user 'neo4j'.
2021-05-20 02:49:36.212+0000 ERROR {plugin-com.neo4j.plugin.jwt.auth.JwtAuthPlugin} Invalid serialized unsecured/JWS/JWE object: Missing part delimiters
2021-05-20 02:49:36.213+0000 INFO  [neo4j]: logged in
2021-05-20 02:50:22.979+0000 INFO  {plugin-com.neo4j.plugin.jwt.auth.JwtAuthPlugin} Log in attempted for user 'neo4j'.
2021-05-20 02:50:22.979+0000 ERROR {plugin-com.neo4j.plugin.jwt.auth.JwtAuthPlugin} Invalid serialized unsecured/JWS/JWE object: Missing part delimiters
2021-05-20 02:50:22.979+0000 INFO  [neo4j]: logged in
2021-05-20 02:52:00.648+0000 INFO  {plugin-com.neo4j.plugin.jwt.auth.JwtAuthPlugin} Log in attempted for user 'neo4j'.
2021-05-20 02:52:00.649+0000 ERROR {plugin-com.neo4j.plugin.jwt.auth.JwtAuthPlugin} Invalid serialized unsecured/JWS/JWE object: Missing part delimiters
2021-05-20 02:52:00.650+0000 INFO  [neo4j]: logged in
2021-05-20 02:52:11.412+0000 INFO  {plugin-com.neo4j.plugin.jwt.auth.JwtAuthPlugin} Log in attempted for user 'neo4j'.
2021-05-20 02:52:11.412+0000 ERROR {plugin-com.neo4j.plugin.jwt.auth.JwtAuthPlugin} Invalid serialized unsecured/JWS/JWE object: Missing part delimiters
2021-05-20 02:52:11.412+0000 INFO  [neo4j]: logged in
2021-05-20 02:52:12.719+0000 INFO  {plugin-com.neo4j.plugin.jwt.auth.JwtAuthPlugin} Log in attempted for user 'neo4j'.
2021-05-20 02:52:12.719+0000 ERROR {plugin-com.neo4j.plugin.jwt.auth.JwtAuthPlugin} Invalid serialized unsecured/JWS/JWE object: Missing part delimiters
2021-05-20 02:52:12.719+0000 INFO  [neo4j]: logged in
2021-05-20 02:52:12.732+0000 INFO  {plugin-com.neo4j.plugin.jwt.auth.JwtAuthPlugin} Log in attempted for user 'neo4j'.
2021-05-20 02:52:12.732+0000 ERROR {plugin-com.neo4j.plugin.jwt.auth.JwtAuthPlugin} Invalid serialized unsecured/JWS/JWE object: Missing part delimiters
2021-05-20 02:52:12.732+0000 INFO  [neo4j]: logged in
2021-05-20 02:52:12.913+0000 INFO  {plugin-com.neo4j.plugin.jwt.auth.JwtAuthPlugin} Log in attempted for user 'neo4j'.
2021-05-20 02:52:12.913+0000 ERROR {plugin-com.neo4j.plugin.jwt.auth.JwtAuthPlugin} Invalid serialized unsecured/JWS/JWE object: Missing part delimiters
2021-05-20 02:52:12.913+0000 INFO  [neo4j]: logged in
2021-05-20 02:52:12.961+0000 INFO  {plugin-com.neo4j.plugin.jwt.auth.JwtAuthPlugin} Log in attempted for user 'neo4j'.
2021-05-20 02:52:12.961+0000 ERROR {plugin-com.neo4j.plugin.jwt.auth.JwtAuthPlugin} Invalid serialized unsecured/JWS/JWE object: Missing part delimiters
2021-05-20 02:52:12.962+0000 INFO  [neo4j]: logged in
2021-05-20 02:52:12.990+0000 INFO  {plugin-com.neo4j.plugin.jwt.auth.JwtAuthPlugin} Log in attempted for user 'neo4j'.
2021-05-20 02:52:12.990+0000 ERROR {plugin-com.neo4j.plugin.jwt.auth.JwtAuthPlugin} Invalid serialized unsecured/JWS/JWE object: Missing part delimiters
2021-05-20 02:52:12.990+0000 INFO  [neo4j]: logged in
2021-05-20 02:53:35.492+0000 INFO  {plugin-com.neo4j.plugin.jwt.auth.JwtAuthPlugin} Log in attempted for user 'neo4j'.
2021-05-20 02:53:35.492+0000 ERROR {plugin-com.neo4j.plugin.jwt.auth.JwtAuthPlugin} Invalid serialized unsecured/JWS/JWE object: Missing part delimiters
2021-05-20 02:53:35.493+0000 INFO  [neo4j]: logged in
2021-05-20 02:53:35.781+0000 INFO  {plugin-com.neo4j.plugin.jwt.auth.JwtAuthPlugin} Log in attempted for user 'neo4j'.
2021-05-20 02:53:35.781+0000 ERROR {plugin-com.neo4j.plugin.jwt.auth.JwtAuthPlugin} Invalid serialized unsecured/JWS/JWE object: Missing part delimiters
2021-05-20 02:53:35.782+0000 INFO  [neo4j]: logged in
2021-05-20 02:53:35.877+0000 INFO  {plugin-com.neo4j.plugin.jwt.auth.JwtAuthPlugin} Log in attempted for user 'neo4j'.
2021-05-20 02:53:35.877+0000 ERROR {plugin-com.neo4j.plugin.jwt.auth.JwtAuthPlugin} Invalid serialized unsecured/JWS/JWE object: Missing part delimiters
2021-05-20 02:53:35.877+0000 INFO  [neo4j]: logged in
2021-05-20 14:02:57.486+0000 INFO  {plugin-com.neo4j.plugin.jwt.auth.JwtAuthPlugin} jwt.auth.private_key=certificates/security.key.pem
2021-05-20 14:03:04.102+0000 INFO  Performing postInitialization step for component 'security-users' with version 2 and status CURRENT
2021-05-20 14:03:04.102+0000 INFO  Updating the initial password in component 'security-users'  
2021-05-20 14:03:08.265+0000 INFO  {plugin-com.neo4j.plugin.jwt.auth.JwtAuthPlugin} Log in attempted for user 'neo4j'.
2021-05-20 14:03:08.265+0000 ERROR {plugin-com.neo4j.plugin.jwt.auth.JwtAuthPlugin} Invalid serialized unsecured/JWS/JWE object: Missing part delimiters
2021-05-20 14:03:08.278+0000 INFO  [neo4j]: logged in
2021-05-20 14:03:10.853+0000 INFO  {plugin-com.neo4j.plugin.jwt.auth.JwtAuthPlugin} Log in attempted for user 'neo4j'.
2021-05-20 14:03:10.853+0000 ERROR {plugin-com.neo4j.plugin.jwt.auth.JwtAuthPlugin} Invalid serialized unsecured/JWS/JWE object: Missing part delimiters
2021-05-20 14:03:10.854+0000 INFO  [neo4j]: logged in
2021-05-20 14:03:12.058+0000 INFO  {plugin-com.neo4j.plugin.jwt.auth.JwtAuthPlugin} Log in attempted for user 'neo4j'.
2021-05-20 14:03:12.058+0000 ERROR {plugin-com.neo4j.plugin.jwt.auth.JwtAuthPlugin} Invalid serialized unsecured/JWS/JWE object: Missing part delimiters
2021-05-20 14:03:12.058+0000 INFO  [neo4j]: logged in
2021-05-20 14:03:12.117+0000 INFO  {plugin-com.neo4j.plugin.jwt.auth.JwtAuthPlugin} Log in attempted for user 'neo4j'.
2021-05-20 14:03:12.117+0000 ERROR {plugin-com.neo4j.plugin.jwt.auth.JwtAuthPlugin} Invalid serialized unsecured/JWS/JWE object: Missing part delimiters
2021-05-20 14:03:12.117+0000 INFO  [neo4j]: logged in
2021-05-20 14:04:17.410+0000 INFO  {plugin-com.neo4j.plugin.jwt.auth.JwtAuthPlugin} Log in attempted for user 'neo4j'.
2021-05-20 14:04:17.410+0000 ERROR {plugin-com.neo4j.plugin.jwt.auth.JwtAuthPlugin} Invalid serialized unsecured/JWS/JWE object: Missing part delimiters
2021-05-20 14:04:17.410+0000 INFO  [neo4j]: logged in
2021-05-20 14:05:09.501+0000 INFO  {plugin-com.neo4j.plugin.jwt.auth.JwtAuthPlugin} Log in attempted for user 'neo4j'.
2021-05-20 14:05:09.501+0000 ERROR {plugin-com.neo4j.plugin.jwt.auth.JwtAuthPlugin} Invalid serialized unsecured/JWS/JWE object: Missing part delimiters
2021-05-20 14:05:09.501+0000 INFO  [neo4j]: logged in
2021-05-20 14:05:13.210+0000 INFO  {plugin-com.neo4j.plugin.jwt.auth.JwtAuthPlugin} Log in attempted for user 'neo4j'.
2021-05-20 14:05:13.210+0000 ERROR {plugin-com.neo4j.plugin.jwt.auth.JwtAuthPlugin} Invalid serialized unsecured/JWS/JWE object: Missing part delimiters
2021-05-20 14:05:13.210+0000 INFO  [neo4j]: logged in
2021-05-20 14:05:13.318+0000 INFO  {plugin-com.neo4j.plugin.jwt.auth.JwtAuthPlugin} Log in attempted for user 'neo4j'.
2021-05-20 14:05:13.319+0000 ERROR {plugin-com.neo4j.plugin.jwt.auth.JwtAuthPlugin} Invalid serialized unsecured/JWS/JWE object: Missing part delimiters
2021-05-20 14:05:13.319+0000 INFO  [neo4j]: logged in
2021-05-20 14:05:13.340+0000 INFO  {plugin-com.neo4j.plugin.jwt.auth.JwtAuthPlugin} Log in attempted for user 'neo4j'.
2021-05-20 14:05:13.340+0000 ERROR {plugin-com.neo4j.plugin.jwt.auth.JwtAuthPlugin} Invalid serialized unsecured/JWS/JWE object: Missing part delimiters
2021-05-20 14:05:13.340+0000 INFO  [neo4j]: logged in
2021-05-20 14:05:13.347+0000 INFO  {plugin-com.neo4j.plugin.jwt.auth.JwtAuthPlugin} Log in attempted for user 'neo4j'.
2021-05-20 14:05:13.347+0000 ERROR {plugin-com.neo4j.plugin.jwt.auth.JwtAuthPlugin} Invalid serialized unsecured/JWS/JWE object: Missing part delimiters
2021-05-20 14:05:13.347+0000 INFO  [neo4j]: logged in
2021-05-20 14:05:13.370+0000 INFO  {plugin-com.neo4j.plugin.jwt.auth.JwtAuthPlugin} Log in attempted for user 'neo4j'.
2021-05-20 14:05:13.370+0000 ERROR {plugin-com.neo4j.plugin.jwt.auth.JwtAuthPlugin} Invalid serialized unsecured/JWS/JWE object: Missing part delimiters
2021-05-20 14:05:13.370+0000 INFO  [neo4j]: logged in
2021-05-20 14:06:03.066+0000 INFO  {plugin-com.neo4j.plugin.jwt.auth.JwtAuthPlugin} Log in attempted for user 'neo4j'.
2021-05-20 14:06:03.066+0000 ERROR {plugin-com.neo4j.plugin.jwt.auth.JwtAuthPlugin} Invalid serialized unsecured/JWS/JWE object: Missing part delimiters
2021-05-20 14:06:03.066+0000 INFO  [neo4j]: logged in
2021-05-20 14:06:54.473+0000 INFO  {plugin-com.neo4j.plugin.jwt.auth.JwtAuthPlugin} Log in attempted for user 'neo4j'.
2021-05-20 14:06:54.473+0000 ERROR {plugin-com.neo4j.plugin.jwt.auth.JwtAuthPlugin} Invalid serialized unsecured/JWS/JWE object: Missing part delimiters
2021-05-20 14:06:54.473+0000 INFO  [neo4j]: logged in
2021-05-20 14:07:32.316+0000 INFO  {plugin-com.neo4j.plugin.jwt.auth.JwtAuthPlugin} Log in attempted for user 'neo4j'.
2021-05-20 14:07:32.316+0000 ERROR {plugin-com.neo4j.plugin.jwt.auth.JwtAuthPlugin} Invalid serialized unsecured/JWS/JWE object: Missing part delimiters
2021-05-20 14:07:32.316+0000 INFO  [neo4j]: logged in
2021-05-20 14:07:40.691+0000 INFO  {plugin-com.neo4j.plugin.jwt.auth.JwtAuthPlugin} Log in attempted for user 'neo4j'.
2021-05-20 14:07:40.692+0000 ERROR {plugin-com.neo4j.plugin.jwt.auth.JwtAuthPlugin} Invalid serialized unsecured/JWS/JWE object: Missing part delimiters
2021-05-20 14:07:40.692+0000 INFO  [neo4j]: logged in
2021-05-20 14:09:06.808+0000 INFO  {plugin-com.neo4j.plugin.jwt.auth.JwtAuthPlugin} Log in attempted for user 'neo4j'.
2021-05-20 14:09:06.808+0000 ERROR {plugin-com.neo4j.plugin.jwt.auth.JwtAuthPlugin} Invalid serialized unsecured/JWS/JWE object: Missing part delimiters
2021-05-20 14:09:06.808+0000 INFO  [neo4j]: logged in
2021-05-20 14:12:01.026+0000 INFO  {plugin-com.neo4j.plugin.jwt.auth.JwtAuthPlugin} Log in attempted for user 'neo4j'.
2021-05-20 14:12:01.026+0000 ERROR {plugin-com.neo4j.plugin.jwt.auth.JwtAuthPlugin} Invalid serialized unsecured/JWS/JWE object: Missing part delimiters
2021-05-20 14:12:01.026+0000 INFO  [neo4j]: logged in
2021-05-20 14:13:12.248+0000 INFO  {plugin-com.neo4j.plugin.jwt.auth.JwtAuthPlugin} Log in attempted for user 'neo4j'.
2021-05-20 14:13:12.248+0000 ERROR {plugin-com.neo4j.plugin.jwt.auth.JwtAuthPlugin} Invalid serialized unsecured/JWS/JWE object: Missing part delimiters
2021-05-20 14:13:12.248+0000 INFO  [neo4j]: logged in
2021-05-20 14:15:10.538+0000 INFO  {plugin-com.neo4j.plugin.jwt.auth.JwtAuthPlugin} Log in attempted for user 'neo4j'.
2021-05-20 14:15:10.539+0000 ERROR {plugin-com.neo4j.plugin.jwt.auth.JwtAuthPlugin} Invalid serialized unsecured/JWS/JWE object: Missing part delimiters
2021-05-20 14:15:10.540+0000 INFO  [neo4j]: logged in
2021-05-20 14:15:27.871+0000 INFO  {plugin-com.neo4j.plugin.jwt.auth.JwtAuthPlugin} Log in attempted for user 'neo4j'.
2021-05-20 14:15:27.871+0000 ERROR {plugin-com.neo4j.plugin.jwt.auth.JwtAuthPlugin} Invalid serialized unsecured/JWS/JWE object: Missing part delimiters
2021-05-20 14:15:27.871+0000 INFO  [neo4j]: logged in
2021-05-20 14:28:09.983+0000 INFO  {plugin-com.neo4j.plugin.jwt.auth.JwtAuthPlugin} Log in attempted for user 'neo4j'.
2021-05-20 14:28:09.983+0000 ERROR {plugin-com.neo4j.plugin.jwt.auth.JwtAuthPlugin} Invalid serialized unsecured/JWS/JWE object: Missing part delimiters
2021-05-20 14:28:09.983+0000 INFO  [neo4j]: logged in
2021-05-20 14:28:36.229+0000 INFO  {plugin-com.neo4j.plugin.jwt.auth.JwtAuthPlugin} Log in attempted for user 'neo4j'.
2021-05-20 14:28:36.230+0000 ERROR {plugin-com.neo4j.plugin.jwt.auth.JwtAuthPlugin} Invalid serialized unsecured/JWS/JWE object: Missing part delimiters
2021-05-20 14:28:36.230+0000 INFO  [neo4j]: logged in
2021-05-20 14:28:47.875+0000 INFO  {plugin-com.neo4j.plugin.jwt.auth.JwtAuthPlugin} Log in attempted for user 'neo4j'.
2021-05-20 14:28:47.875+0000 ERROR {plugin-com.neo4j.plugin.jwt.auth.JwtAuthPlugin} Invalid serialized unsecured/JWS/JWE object: Missing part delimiters
2021-05-20 14:28:47.875+0000 INFO  [neo4j]: logged in
2021-05-20 14:29:58.431+0000 INFO  {plugin-com.neo4j.plugin.jwt.auth.JwtAuthPlugin} Log in attempted for user 'neo4j'.
2021-05-20 14:29:58.431+0000 ERROR {plugin-com.neo4j.plugin.jwt.auth.JwtAuthPlugin} Invalid serialized unsecured/JWS/JWE object: Missing part delimiters
2021-05-20 14:29:58.431+0000 INFO  [neo4j]: logged in
2021-05-20 14:29:58.550+0000 INFO  {plugin-com.neo4j.plugin.jwt.auth.JwtAuthPlugin} Log in attempted for user 'neo4j'.
2021-05-20 14:29:58.550+0000 ERROR {plugin-com.neo4j.plugin.jwt.auth.JwtAuthPlugin} Invalid serialized unsecured/JWS/JWE object: Missing part delimiters
2021-05-20 14:29:58.550+0000 INFO  [neo4j]: logged in
2021-05-20 14:29:58.582+0000 INFO  {plugin-com.neo4j.plugin.jwt.auth.JwtAuthPlugin} Log in attempted for user 'neo4j'.
2021-05-20 14:29:58.583+0000 ERROR {plugin-com.neo4j.plugin.jwt.auth.JwtAuthPlugin} Invalid serialized unsecured/JWS/JWE object: Missing part delimiters
2021-05-20 14:29:58.583+0000 INFO  [neo4j]: logged in
2021-05-21 00:40:02.936+0000 INFO  {plugin-com.neo4j.plugin.jwt.auth.JwtAuthPlugin} jwt.auth.private_key=certificates/security.key.pem
2021-05-21 00:40:09.389+0000 INFO  Performing postInitialization step for component 'security-users' with version 2 and status CURRENT
2021-05-21 00:40:09.389+0000 INFO  Updating the initial password in component 'security-users'  
2021-05-21 00:40:12.967+0000 INFO  {plugin-com.neo4j.plugin.jwt.auth.JwtAuthPlugin} Log in attempted for user 'neo4j'.
2021-05-21 00:40:12.968+0000 ERROR {plugin-com.neo4j.plugin.jwt.auth.JwtAuthPlugin} Invalid serialized unsecured/JWS/JWE object: Missing part delimiters
2021-05-21 00:40:12.974+0000 INFO  [neo4j]: logged in
2021-05-21 00:40:15.200+0000 INFO  {plugin-com.neo4j.plugin.jwt.auth.JwtAuthPlugin} Log in attempted for user 'neo4j'.
2021-05-21 00:40:15.201+0000 ERROR {plugin-com.neo4j.plugin.jwt.auth.JwtAuthPlugin} Invalid serialized unsecured/JWS/JWE object: Missing part delimiters
2021-05-21 00:40:15.201+0000 INFO  [neo4j]: logged in
2021-05-21 00:40:16.572+0000 INFO  {plugin-com.neo4j.plugin.jwt.auth.JwtAuthPlugin} Log in attempted for user 'neo4j'.
2021-05-21 00:40:16.572+0000 ERROR {plugin-com.neo4j.plugin.jwt.auth.JwtAuthPlugin} Invalid serialized unsecured/JWS/JWE object: Missing part delimiters
2021-05-21 00:40:16.572+0000 INFO  [neo4j]: logged in
2021-05-21 00:40:16.620+0000 INFO  {plugin-com.neo4j.plugin.jwt.auth.JwtAuthPlugin} Log in attempted for user 'neo4j'.
2021-05-21 00:40:16.620+0000 ERROR {plugin-com.neo4j.plugin.jwt.auth.JwtAuthPlugin} Invalid serialized unsecured/JWS/JWE object: Missing part delimiters
2021-05-21 00:40:16.621+0000 INFO  [neo4j]: logged in
2021-05-21 00:41:20.600+0000 INFO  {plugin-com.neo4j.plugin.jwt.auth.JwtAuthPlugin} Log in attempted for user 'neo4j'.
2021-05-21 00:41:20.601+0000 ERROR {plugin-com.neo4j.plugin.jwt.auth.JwtAuthPlugin} Invalid serialized unsecured/JWS/JWE object: Missing part delimiters
2021-05-21 00:41:20.601+0000 INFO  [neo4j]: logged in
2021-05-21 00:41:38.589+0000 INFO  {plugin-com.neo4j.plugin.jwt.auth.JwtAuthPlugin} Log in attempted for user 'neo4j'.
2021-05-21 00:41:38.589+0000 ERROR {plugin-com.neo4j.plugin.jwt.auth.JwtAuthPlugin} Invalid serialized unsecured/JWS/JWE object: Missing part delimiters
2021-05-21 00:41:38.589+0000 INFO  [neo4j]: logged in
2021-05-21 00:41:40.206+0000 INFO  {plugin-com.neo4j.plugin.jwt.auth.JwtAuthPlugin} Log in attempted for user 'neo4j'.
2021-05-21 00:41:40.206+0000 ERROR {plugin-com.neo4j.plugin.jwt.auth.JwtAuthPlugin} Invalid serialized unsecured/JWS/JWE object: Missing part delimiters
2021-05-21 00:41:40.206+0000 INFO  [neo4j]: logged in
2021-05-21 00:41:40.229+0000 INFO  {plugin-com.neo4j.plugin.jwt.auth.JwtAuthPlugin} Log in attempted for user 'neo4j'.
2021-05-21 00:41:40.230+0000 ERROR {plugin-com.neo4j.plugin.jwt.auth.JwtAuthPlugin} Invalid serialized unsecured/JWS/JWE object: Missing part delimiters
2021-05-21 00:41:40.231+0000 INFO  [neo4j]: logged in
2021-05-21 00:41:40.379+0000 INFO  {plugin-com.neo4j.plugin.jwt.auth.JwtAuthPlugin} Log in attempted for user 'neo4j'.
2021-05-21 00:41:40.379+0000 ERROR {plugin-com.neo4j.plugin.jwt.auth.JwtAuthPlugin} Invalid serialized unsecured/JWS/JWE object: Missing part delimiters
2021-05-21 00:41:40.380+0000 INFO  [neo4j]: logged in
2021-05-21 00:41:40.400+0000 INFO  {plugin-com.neo4j.plugin.jwt.auth.JwtAuthPlugin} Log in attempted for user 'neo4j'.
2021-05-21 00:41:40.401+0000 ERROR {plugin-com.neo4j.plugin.jwt.auth.JwtAuthPlugin} Invalid serialized unsecured/JWS/JWE object: Missing part delimiters
2021-05-21 00:41:40.401+0000 INFO  [neo4j]: logged in
2021-05-21 00:41:40.416+0000 INFO  {plugin-com.neo4j.plugin.jwt.auth.JwtAuthPlugin} Log in attempted for user 'neo4j'.
2021-05-21 00:41:40.416+0000 ERROR {plugin-com.neo4j.plugin.jwt.auth.JwtAuthPlugin} Invalid serialized unsecured/JWS/JWE object: Missing part delimiters
2021-05-21 00:41:40.416+0000 INFO  [neo4j]: logged in
2021-05-21 00:41:52.575+0000 INFO  {plugin-com.neo4j.plugin.jwt.auth.JwtAuthPlugin} Log in attempted for user 'neo4j'.
2021-05-21 00:41:52.575+0000 ERROR {plugin-com.neo4j.plugin.jwt.auth.JwtAuthPlugin} Invalid serialized unsecured/JWS/JWE object: Missing part delimiters
2021-05-21 00:41:52.575+0000 INFO  [neo4j]: logged in
2021-05-21 00:43:05.094+0000 INFO  {plugin-com.neo4j.plugin.jwt.auth.JwtAuthPlugin} Log in attempted for user 'neo4j'.
2021-05-21 00:43:05.095+0000 ERROR {plugin-com.neo4j.plugin.jwt.auth.JwtAuthPlugin} Invalid serialized unsecured/JWS/JWE object: Missing part delimiters
2021-05-21 00:43:05.095+0000 INFO  [neo4j]: logged in
2021-05-21 00:43:41.056+0000 INFO  {plugin-com.neo4j.plugin.jwt.auth.JwtAuthPlugin} Log in attempted for user 'neo4j'.
2021-05-21 00:43:41.056+0000 ERROR {plugin-com.neo4j.plugin.jwt.auth.JwtAuthPlugin} Invalid serialized unsecured/JWS/JWE object: Missing part delimiters
2021-05-21 00:43:41.056+0000 INFO  [neo4j]: logged in
2021-05-21 00:44:56.925+0000 INFO  {plugin-com.neo4j.plugin.jwt.auth.JwtAuthPlugin} Log in attempted for user 'neo4j'.
2021-05-21 00:44:56.925+0000 ERROR {plugin-com.neo4j.plugin.jwt.auth.JwtAuthPlugin} Invalid serialized unsecured/JWS/JWE object: Missing part delimiters
2021-05-21 00:44:56.925+0000 INFO  [neo4j]: logged in
2021-05-21 00:48:35.668+0000 INFO  {plugin-com.neo4j.plugin.jwt.auth.JwtAuthPlugin} Log in attempted for user 'neo4j'.
2021-05-21 00:48:35.668+0000 ERROR {plugin-com.neo4j.plugin.jwt.auth.JwtAuthPlugin} Invalid serialized unsecured/JWS/JWE object: Missing part delimiters
2021-05-21 00:48:35.668+0000 INFO  [neo4j]: logged in
2021-05-21 00:49:18.615+0000 INFO  {plugin-com.neo4j.plugin.jwt.auth.JwtAuthPlugin} Log in attempted for user 'neo4j'.
2021-05-21 00:49:18.615+0000 ERROR {plugin-com.neo4j.plugin.jwt.auth.JwtAuthPlugin} Invalid serialized unsecured/JWS/JWE object: Missing part delimiters
2021-05-21 00:49:18.615+0000 INFO  [neo4j]: logged in
2021-05-21 00:49:40.766+0000 INFO  {plugin-com.neo4j.plugin.jwt.auth.JwtAuthPlugin} Log in attempted for user 'neo4j'.
2021-05-21 00:49:40.766+0000 ERROR {plugin-com.neo4j.plugin.jwt.auth.JwtAuthPlugin} Invalid serialized unsecured/JWS/JWE object: Missing part delimiters
2021-05-21 00:49:40.766+0000 INFO  [neo4j]: logged in
2021-05-21 00:50:20.422+0000 INFO  {plugin-com.neo4j.plugin.jwt.auth.JwtAuthPlugin} Log in attempted for user 'neo4j'.
2021-05-21 00:50:20.422+0000 ERROR {plugin-com.neo4j.plugin.jwt.auth.JwtAuthPlugin} Invalid serialized unsecured/JWS/JWE object: Missing part delimiters
2021-05-21 00:50:20.422+0000 INFO  [neo4j]: logged in
2021-05-21 00:51:01.596+0000 INFO  {plugin-com.neo4j.plugin.jwt.auth.JwtAuthPlugin} Log in attempted for user 'neo4j'.
2021-05-21 00:51:01.597+0000 ERROR {plugin-com.neo4j.plugin.jwt.auth.JwtAuthPlugin} Invalid serialized unsecured/JWS/JWE object: Missing part delimiters
2021-05-21 00:51:01.597+0000 INFO  [neo4j]: logged in
2021-05-21 00:52:45.184+0000 INFO  {plugin-com.neo4j.plugin.jwt.auth.JwtAuthPlugin} Log in attempted for user 'neo4j'.
2021-05-21 00:52:45.184+0000 ERROR {plugin-com.neo4j.plugin.jwt.auth.JwtAuthPlugin} Invalid serialized unsecured/JWS/JWE object: Missing part delimiters
2021-05-21 00:52:45.184+0000 INFO  [neo4j]: logged in
2021-05-21 00:53:32.473+0000 INFO  {plugin-com.neo4j.plugin.jwt.auth.JwtAuthPlugin} Log in attempted for user 'neo4j'.
2021-05-21 00:53:32.473+0000 ERROR {plugin-com.neo4j.plugin.jwt.auth.JwtAuthPlugin} Invalid serialized unsecured/JWS/JWE object: Missing part delimiters
2021-05-21 00:53:32.473+0000 INFO  [neo4j]: logged in
2021-05-21 00:53:41.274+0000 INFO  {plugin-com.neo4j.plugin.jwt.auth.JwtAuthPlugin} Log in attempted for user 'neo4j'.
2021-05-21 00:53:41.274+0000 ERROR {plugin-com.neo4j.plugin.jwt.auth.JwtAuthPlugin} Invalid serialized unsecured/JWS/JWE object: Missing part delimiters
2021-05-21 00:53:41.274+0000 INFO  [neo4j]: logged in
2021-05-21 00:53:55.542+0000 INFO  {plugin-com.neo4j.plugin.jwt.auth.JwtAuthPlugin} Log in attempted for user 'neo4j'.
2021-05-21 00:53:55.542+0000 ERROR {plugin-com.neo4j.plugin.jwt.auth.JwtAuthPlugin} Invalid serialized unsecured/JWS/JWE object: Missing part delimiters
2021-05-21 00:53:55.542+0000 INFO  [neo4j]: logged in
2021-05-21 00:55:24.402+0000 INFO  {plugin-com.neo4j.plugin.jwt.auth.JwtAuthPlugin} Log in attempted for user 'neo4j'.
2021-05-21 00:55:24.402+0000 ERROR {plugin-com.neo4j.plugin.jwt.auth.JwtAuthPlugin} Invalid serialized unsecured/JWS/JWE object: Missing part delimiters
2021-05-21 00:55:24.402+0000 INFO  [neo4j]: logged in
2021-05-21 00:57:18.547+0000 INFO  {plugin-com.neo4j.plugin.jwt.auth.JwtAuthPlugin} Log in attempted for user 'neo4j'.
2021-05-21 00:57:18.549+0000 ERROR {plugin-com.neo4j.plugin.jwt.auth.JwtAuthPlugin} Invalid serialized unsecured/JWS/JWE object: Missing part delimiters
2021-05-21 00:57:18.550+0000 INFO  [neo4j]: logged in
2021-05-21 00:57:50.088+0000 INFO  {plugin-com.neo4j.plugin.jwt.auth.JwtAuthPlugin} Log in attempted for user 'neo4j'.
2021-05-21 00:57:50.088+0000 ERROR {plugin-com.neo4j.plugin.jwt.auth.JwtAuthPlugin} Invalid serialized unsecured/JWS/JWE object: Missing part delimiters
2021-05-21 00:57:50.088+0000 INFO  [neo4j]: logged in
2021-05-21 01:01:09.407+0000 INFO  {plugin-com.neo4j.plugin.jwt.auth.JwtAuthPlugin} Log in attempted for user 'neo4j'.
2021-05-21 01:01:09.407+0000 ERROR {plugin-com.neo4j.plugin.jwt.auth.JwtAuthPlugin} Invalid serialized unsecured/JWS/JWE object: Missing part delimiters
2021-05-21 01:01:09.408+0000 INFO  [neo4j]: logged in
2021-05-21 01:01:20.386+0000 INFO  {plugin-com.neo4j.plugin.jwt.auth.JwtAuthPlugin} Log in attempted for user 'neo4j'.
2021-05-21 01:01:20.386+0000 ERROR {plugin-com.neo4j.plugin.jwt.auth.JwtAuthPlugin} Invalid serialized unsecured/JWS/JWE object: Missing part delimiters
2021-05-21 01:01:20.386+0000 INFO  [neo4j]: logged in
2021-05-21 01:01:58.498+0000 INFO  {plugin-com.neo4j.plugin.jwt.auth.JwtAuthPlugin} Log in attempted for user 'neo4j'.
2021-05-21 01:01:58.499+0000 ERROR {plugin-com.neo4j.plugin.jwt.auth.JwtAuthPlugin} Invalid serialized unsecured/JWS/JWE object: Missing part delimiters
2021-05-21 01:01:58.499+0000 INFO  [neo4j]: logged in
2021-05-21 01:02:08.731+0000 INFO  {plugin-com.neo4j.plugin.jwt.auth.JwtAuthPlugin} Log in attempted for user 'neo4j'.
2021-05-21 01:02:08.731+0000 ERROR {plugin-com.neo4j.plugin.jwt.auth.JwtAuthPlugin} Invalid serialized unsecured/JWS/JWE object: Missing part delimiters
2021-05-21 01:02:08.731+0000 INFO  [neo4j]: logged in
2021-05-21 01:03:51.010+0000 INFO  {plugin-com.neo4j.plugin.jwt.auth.JwtAuthPlugin} Log in attempted for user 'neo4j'.
2021-05-21 01:03:51.010+0000 ERROR {plugin-com.neo4j.plugin.jwt.auth.JwtAuthPlugin} Invalid serialized unsecured/JWS/JWE object: Missing part delimiters
2021-05-21 01:03:51.010+0000 INFO  [neo4j]: logged in
2021-05-21 01:04:03.270+0000 INFO  {plugin-com.neo4j.plugin.jwt.auth.JwtAuthPlugin} Log in attempted for user 'neo4j'.
2021-05-21 01:04:03.270+0000 ERROR {plugin-com.neo4j.plugin.jwt.auth.JwtAuthPlugin} Invalid serialized unsecured/JWS/JWE object: Missing part delimiters
2021-05-21 01:04:03.270+0000 INFO  [neo4j]: logged in
2021-05-21 01:04:41.910+0000 INFO  {plugin-com.neo4j.plugin.jwt.auth.JwtAuthPlugin} Log in attempted for user 'neo4j'.
2021-05-21 01:04:41.911+0000 ERROR {plugin-com.neo4j.plugin.jwt.auth.JwtAuthPlugin} Invalid serialized unsecured/JWS/JWE object: Missing part delimiters
2021-05-21 01:04:41.911+0000 INFO  [neo4j]: logged in
2021-05-21 01:04:51.230+0000 INFO  {plugin-com.neo4j.plugin.jwt.auth.JwtAuthPlugin} Log in attempted for user 'neo4j'.
2021-05-21 01:04:51.230+0000 ERROR {plugin-com.neo4j.plugin.jwt.auth.JwtAuthPlugin} Invalid serialized unsecured/JWS/JWE object: Missing part delimiters
2021-05-21 01:04:51.231+0000 INFO  [neo4j]: logged in
2021-05-21 01:05:35.628+0000 INFO  {plugin-com.neo4j.plugin.jwt.auth.JwtAuthPlugin} Log in attempted for user 'neo4j'.
2021-05-21 01:05:35.628+0000 ERROR {plugin-com.neo4j.plugin.jwt.auth.JwtAuthPlugin} Invalid serialized unsecured/JWS/JWE object: Missing part delimiters
2021-05-21 01:05:35.629+0000 INFO  [neo4j]: logged in
2021-05-21 01:06:47.897+0000 INFO  {plugin-com.neo4j.plugin.jwt.auth.JwtAuthPlugin} Log in attempted for user 'neo4j'.
2021-05-21 01:06:47.897+0000 ERROR {plugin-com.neo4j.plugin.jwt.auth.JwtAuthPlugin} Invalid serialized unsecured/JWS/JWE object: Missing part delimiters
2021-05-21 01:06:47.898+0000 INFO  [neo4j]: logged in
2021-05-21 01:07:56.583+0000 INFO  {plugin-com.neo4j.plugin.jwt.auth.JwtAuthPlugin} Log in attempted for user 'neo4j'.
2021-05-21 01:07:56.583+0000 ERROR {plugin-com.neo4j.plugin.jwt.auth.JwtAuthPlugin} Invalid serialized unsecured/JWS/JWE object: Missing part delimiters
2021-05-21 01:07:56.583+0000 INFO  [neo4j]: logged in
2021-05-21 01:08:21.545+0000 INFO  {plugin-com.neo4j.plugin.jwt.auth.JwtAuthPlugin} Log in attempted for user 'neo4j'.
2021-05-21 01:08:21.545+0000 ERROR {plugin-com.neo4j.plugin.jwt.auth.JwtAuthPlugin} Invalid serialized unsecured/JWS/JWE object: Missing part delimiters
2021-05-21 01:08:21.545+0000 INFO  [neo4j]: logged in
2021-05-21 01:12:36.940+0000 INFO  {plugin-com.neo4j.plugin.jwt.auth.JwtAuthPlugin} Log in attempted for user 'neo4j'.
2021-05-21 01:12:36.941+0000 ERROR {plugin-com.neo4j.plugin.jwt.auth.JwtAuthPlugin} Invalid serialized unsecured/JWS/JWE object: Missing part delimiters
2021-05-21 01:12:36.942+0000 INFO  [neo4j]: logged in
2021-05-21 01:12:51.320+0000 INFO  {plugin-com.neo4j.plugin.jwt.auth.JwtAuthPlugin} Log in attempted for user 'neo4j'.
2021-05-21 01:12:51.321+0000 ERROR {plugin-com.neo4j.plugin.jwt.auth.JwtAuthPlugin} Invalid serialized unsecured/JWS/JWE object: Missing part delimiters
2021-05-21 01:12:51.321+0000 INFO  [neo4j]: logged in
2021-05-21 01:14:11.618+0000 INFO  {plugin-com.neo4j.plugin.jwt.auth.JwtAuthPlugin} Log in attempted for user 'neo4j'.
2021-05-21 01:14:11.618+0000 ERROR {plugin-com.neo4j.plugin.jwt.auth.JwtAuthPlugin} Invalid serialized unsecured/JWS/JWE object: Missing part delimiters
2021-05-21 01:14:11.618+0000 INFO  [neo4j]: logged in
2021-05-21 01:15:16.496+0000 INFO  {plugin-com.neo4j.plugin.jwt.auth.JwtAuthPlugin} Log in attempted for user 'neo4j'.
2021-05-21 01:15:16.496+0000 ERROR {plugin-com.neo4j.plugin.jwt.auth.JwtAuthPlugin} Invalid serialized unsecured/JWS/JWE object: Missing part delimiters
2021-05-21 01:15:16.496+0000 INFO  [neo4j]: logged in
2021-05-21 01:16:41.654+0000 INFO  {plugin-com.neo4j.plugin.jwt.auth.JwtAuthPlugin} Log in attempted for user 'neo4j'.
2021-05-21 01:16:41.654+0000 ERROR {plugin-com.neo4j.plugin.jwt.auth.JwtAuthPlugin} Invalid serialized unsecured/JWS/JWE object: Missing part delimiters
2021-05-21 01:16:41.654+0000 INFO  [neo4j]: logged in
2021-05-21 01:21:05.751+0000 INFO  {plugin-com.neo4j.plugin.jwt.auth.JwtAuthPlugin} Log in attempted for user 'neo4j'.
2021-05-21 01:21:05.751+0000 ERROR {plugin-com.neo4j.plugin.jwt.auth.JwtAuthPlugin} Invalid serialized unsecured/JWS/JWE object: Missing part delimiters
2021-05-21 01:21:05.751+0000 INFO  [neo4j]: logged in
2021-05-21 01:22:04.158+0000 INFO  {plugin-com.neo4j.plugin.jwt.auth.JwtAuthPlugin} Log in attempted for user 'neo4j'.
2021-05-21 01:22:04.159+0000 ERROR {plugin-com.neo4j.plugin.jwt.auth.JwtAuthPlugin} Invalid serialized unsecured/JWS/JWE object: Missing part delimiters
2021-05-21 01:22:04.162+0000 INFO  [neo4j]: logged in
2021-05-21 01:23:13.933+0000 INFO  {plugin-com.neo4j.plugin.jwt.auth.JwtAuthPlugin} Log in attempted for user 'neo4j'.
2021-05-21 01:23:13.933+0000 ERROR {plugin-com.neo4j.plugin.jwt.auth.JwtAuthPlugin} Invalid serialized unsecured/JWS/JWE object: Missing part delimiters
2021-05-21 01:23:13.933+0000 INFO  [neo4j]: logged in
2021-05-21 01:27:21.295+0000 INFO  {plugin-com.neo4j.plugin.jwt.auth.JwtAuthPlugin} Log in attempted for user 'neo4j'.
2021-05-21 01:27:21.295+0000 ERROR {plugin-com.neo4j.plugin.jwt.auth.JwtAuthPlugin} Invalid serialized unsecured/JWS/JWE object: Missing part delimiters
2021-05-21 01:27:21.295+0000 INFO  [neo4j]: logged in
2021-05-21 01:27:28.819+0000 INFO  {plugin-com.neo4j.plugin.jwt.auth.JwtAuthPlugin} Log in attempted for user 'neo4j'.
2021-05-21 01:27:28.819+0000 ERROR {plugin-com.neo4j.plugin.jwt.auth.JwtAuthPlugin} Invalid serialized unsecured/JWS/JWE object: Missing part delimiters
2021-05-21 01:27:28.820+0000 INFO  [neo4j]: logged in
2021-05-21 01:27:56.103+0000 INFO  {plugin-com.neo4j.plugin.jwt.auth.JwtAuthPlugin} Log in attempted for user 'neo4j'.
2021-05-21 01:27:56.104+0000 ERROR {plugin-com.neo4j.plugin.jwt.auth.JwtAuthPlugin} Invalid serialized unsecured/JWS/JWE object: Missing part delimiters
2021-05-21 01:27:56.104+0000 INFO  [neo4j]: logged in
2021-05-21 01:29:19.137+0000 INFO  {plugin-com.neo4j.plugin.jwt.auth.JwtAuthPlugin} Log in attempted for user 'neo4j'.
2021-05-21 01:29:19.138+0000 ERROR {plugin-com.neo4j.plugin.jwt.auth.JwtAuthPlugin} Invalid serialized unsecured/JWS/JWE object: Missing part delimiters
2021-05-21 01:29:19.138+0000 INFO  [neo4j]: logged in
2021-05-21 01:31:48.080+0000 INFO  {plugin-com.neo4j.plugin.jwt.auth.JwtAuthPlugin} Log in attempted for user 'neo4j'.
2021-05-21 01:31:48.080+0000 ERROR {plugin-com.neo4j.plugin.jwt.auth.JwtAuthPlugin} Invalid serialized unsecured/JWS/JWE object: Missing part delimiters
2021-05-21 01:31:48.080+0000 INFO  [neo4j]: logged in
2021-05-21 01:32:09.305+0000 INFO  {plugin-com.neo4j.plugin.jwt.auth.JwtAuthPlugin} Log in attempted for user 'neo4j'.
2021-05-21 01:32:09.305+0000 ERROR {plugin-com.neo4j.plugin.jwt.auth.JwtAuthPlugin} Invalid serialized unsecured/JWS/JWE object: Missing part delimiters
2021-05-21 01:32:09.305+0000 INFO  [neo4j]: logged in
2021-05-21 01:32:39.535+0000 INFO  {plugin-com.neo4j.plugin.jwt.auth.JwtAuthPlugin} Log in attempted for user 'neo4j'.
2021-05-21 01:32:39.535+0000 ERROR {plugin-com.neo4j.plugin.jwt.auth.JwtAuthPlugin} Invalid serialized unsecured/JWS/JWE object: Missing part delimiters
2021-05-21 01:32:39.535+0000 INFO  [neo4j]: logged in
2021-05-21 01:33:08.008+0000 INFO  {plugin-com.neo4j.plugin.jwt.auth.JwtAuthPlugin} Log in attempted for user 'neo4j'.
2021-05-21 01:33:08.008+0000 ERROR {plugin-com.neo4j.plugin.jwt.auth.JwtAuthPlugin} Invalid serialized unsecured/JWS/JWE object: Missing part delimiters
2021-05-21 01:33:08.008+0000 INFO  [neo4j]: logged in
2021-05-21 01:34:52.475+0000 INFO  {plugin-com.neo4j.plugin.jwt.auth.JwtAuthPlugin} Log in attempted for user 'neo4j'.
2021-05-21 01:34:52.475+0000 ERROR {plugin-com.neo4j.plugin.jwt.auth.JwtAuthPlugin} Invalid serialized unsecured/JWS/JWE object: Missing part delimiters
2021-05-21 01:34:52.475+0000 INFO  [neo4j]: logged in
2021-05-21 01:34:54.017+0000 INFO  {plugin-com.neo4j.plugin.jwt.auth.JwtAuthPlugin} Log in attempted for user 'neo4j'.
2021-05-21 01:34:54.017+0000 ERROR {plugin-com.neo4j.plugin.jwt.auth.JwtAuthPlugin} Invalid serialized unsecured/JWS/JWE object: Missing part delimiters
2021-05-21 01:34:54.017+0000 INFO  [neo4j]: logged in
2021-05-21 01:34:54.031+0000 INFO  {plugin-com.neo4j.plugin.jwt.auth.JwtAuthPlugin} Log in attempted for user 'neo4j'.
2021-05-21 01:34:54.031+0000 ERROR {plugin-com.neo4j.plugin.jwt.auth.JwtAuthPlugin} Invalid serialized unsecured/JWS/JWE object: Missing part delimiters
2021-05-21 01:34:54.032+0000 INFO  [neo4j]: logged in
2021-05-21 01:34:54.149+0000 INFO  {plugin-com.neo4j.plugin.jwt.auth.JwtAuthPlugin} Log in attempted for user 'neo4j'.
2021-05-21 01:34:54.149+0000 ERROR {plugin-com.neo4j.plugin.jwt.auth.JwtAuthPlugin} Invalid serialized unsecured/JWS/JWE object: Missing part delimiters
2021-05-21 01:34:54.149+0000 INFO  [neo4j]: logged in
2021-05-21 01:34:54.158+0000 INFO  {plugin-com.neo4j.plugin.jwt.auth.JwtAuthPlugin} Log in attempted for user 'neo4j'.
2021-05-21 01:34:54.159+0000 ERROR {plugin-com.neo4j.plugin.jwt.auth.JwtAuthPlugin} Invalid serialized unsecured/JWS/JWE object: Missing part delimiters
2021-05-21 01:34:54.162+0000 INFO  [neo4j]: logged in
2021-05-21 01:34:54.183+0000 INFO  {plugin-com.neo4j.plugin.jwt.auth.JwtAuthPlugin} Log in attempted for user 'neo4j'.
2021-05-21 01:34:54.183+0000 ERROR {plugin-com.neo4j.plugin.jwt.auth.JwtAuthPlugin} Invalid serialized unsecured/JWS/JWE object: Missing part delimiters
2021-05-21 01:34:54.184+0000 INFO  [neo4j]: logged in
2021-05-21 01:34:59.255+0000 INFO  {plugin-com.neo4j.plugin.jwt.auth.JwtAuthPlugin} Log in attempted for user 'neo4j'.
2021-05-21 01:34:59.255+0000 ERROR {plugin-com.neo4j.plugin.jwt.auth.JwtAuthPlugin} Invalid serialized unsecured/JWS/JWE object: Missing part delimiters
2021-05-21 01:34:59.255+0000 INFO  [neo4j]: logged in
2021-05-21 01:35:21.426+0000 INFO  {plugin-com.neo4j.plugin.jwt.auth.JwtAuthPlugin} Log in attempted for user 'neo4j'.
2021-05-21 01:35:21.426+0000 ERROR {plugin-com.neo4j.plugin.jwt.auth.JwtAuthPlugin} Invalid serialized unsecured/JWS/JWE object: Missing part delimiters
2021-05-21 01:35:21.426+0000 INFO  [neo4j]: logged in
2021-05-21 01:35:49.605+0000 INFO  {plugin-com.neo4j.plugin.jwt.auth.JwtAuthPlugin} Log in attempted for user 'neo4j'.
2021-05-21 01:35:49.605+0000 ERROR {plugin-com.neo4j.plugin.jwt.auth.JwtAuthPlugin} Invalid serialized unsecured/JWS/JWE object: Missing part delimiters
2021-05-21 01:35:49.606+0000 INFO  [neo4j]: logged in
2021-05-21 01:36:35.755+0000 INFO  {plugin-com.neo4j.plugin.jwt.auth.JwtAuthPlugin} Log in attempted for user 'neo4j'.
2021-05-21 01:36:35.755+0000 ERROR {plugin-com.neo4j.plugin.jwt.auth.JwtAuthPlugin} Invalid serialized unsecured/JWS/JWE object: Missing part delimiters
2021-05-21 01:36:35.756+0000 INFO  [neo4j]: logged in
2021-05-21 01:36:43.229+0000 INFO  {plugin-com.neo4j.plugin.jwt.auth.JwtAuthPlugin} Log in attempted for user 'neo4j'.
2021-05-21 01:36:43.229+0000 ERROR {plugin-com.neo4j.plugin.jwt.auth.JwtAuthPlugin} Invalid serialized unsecured/JWS/JWE object: Missing part delimiters
2021-05-21 01:36:43.229+0000 INFO  [neo4j]: logged in
2021-05-21 01:40:13.775+0000 INFO  {plugin-com.neo4j.plugin.jwt.auth.JwtAuthPlugin} Log in attempted for user 'neo4j'.
2021-05-21 01:40:13.775+0000 ERROR {plugin-com.neo4j.plugin.jwt.auth.JwtAuthPlugin} Invalid serialized unsecured/JWS/JWE object: Missing part delimiters
2021-05-21 01:40:13.775+0000 INFO  [neo4j]: logged in
2021-05-21 01:40:22.699+0000 INFO  {plugin-com.neo4j.plugin.jwt.auth.JwtAuthPlugin} Log in attempted for user 'neo4j'.
2021-05-21 01:40:22.699+0000 ERROR {plugin-com.neo4j.plugin.jwt.auth.JwtAuthPlugin} Invalid serialized unsecured/JWS/JWE object: Missing part delimiters
2021-05-21 01:40:22.699+0000 INFO  [neo4j]: logged in
2021-05-21 01:41:41.268+0000 INFO  {plugin-com.neo4j.plugin.jwt.auth.JwtAuthPlugin} Log in attempted for user 'neo4j'.
2021-05-21 01:41:41.268+0000 ERROR {plugin-com.neo4j.plugin.jwt.auth.JwtAuthPlugin} Invalid serialized unsecured/JWS/JWE object: Missing part delimiters
2021-05-21 01:41:41.268+0000 INFO  [neo4j]: logged in
2021-05-21 01:41:47.864+0000 INFO  {plugin-com.neo4j.plugin.jwt.auth.JwtAuthPlugin} Log in attempted for user 'neo4j'.
2021-05-21 01:41:47.864+0000 ERROR {plugin-com.neo4j.plugin.jwt.auth.JwtAuthPlugin} Invalid serialized unsecured/JWS/JWE object: Missing part delimiters
2021-05-21 01:41:47.864+0000 INFO  [neo4j]: logged in
2021-05-21 01:42:31.412+0000 INFO  {plugin-com.neo4j.plugin.jwt.auth.JwtAuthPlugin} Log in attempted for user 'neo4j'.
2021-05-21 01:42:31.412+0000 ERROR {plugin-com.neo4j.plugin.jwt.auth.JwtAuthPlugin} Invalid serialized unsecured/JWS/JWE object: Missing part delimiters
2021-05-21 01:42:31.413+0000 INFO  [neo4j]: logged in
2021-05-21 01:42:40.729+0000 INFO  {plugin-com.neo4j.plugin.jwt.auth.JwtAuthPlugin} Log in attempted for user 'neo4j'.
2021-05-21 01:42:40.730+0000 ERROR {plugin-com.neo4j.plugin.jwt.auth.JwtAuthPlugin} Invalid serialized unsecured/JWS/JWE object: Missing part delimiters
2021-05-21 01:42:40.730+0000 INFO  [neo4j]: logged in
2021-05-21 01:44:33.912+0000 INFO  {plugin-com.neo4j.plugin.jwt.auth.JwtAuthPlugin} Log in attempted for user 'neo4j'.
2021-05-21 01:44:33.912+0000 ERROR {plugin-com.neo4j.plugin.jwt.auth.JwtAuthPlugin} Invalid serialized unsecured/JWS/JWE object: Missing part delimiters
2021-05-21 01:44:33.912+0000 INFO  [neo4j]: logged in
2021-05-21 01:44:41.271+0000 INFO  {plugin-com.neo4j.plugin.jwt.auth.JwtAuthPlugin} Log in attempted for user 'neo4j'.
2021-05-21 01:44:41.271+0000 ERROR {plugin-com.neo4j.plugin.jwt.auth.JwtAuthPlugin} Invalid serialized unsecured/JWS/JWE object: Missing part delimiters
2021-05-21 01:44:41.272+0000 INFO  [neo4j]: logged in
2021-05-21 01:57:14.697+0000 INFO  {plugin-com.neo4j.plugin.jwt.auth.JwtAuthPlugin} Log in attempted for user 'neo4j'.
2021-05-21 01:57:14.697+0000 ERROR {plugin-com.neo4j.plugin.jwt.auth.JwtAuthPlugin} Invalid serialized unsecured/JWS/JWE object: Missing part delimiters
2021-05-21 01:57:14.697+0000 INFO  [neo4j]: logged in
2021-05-21 01:57:15.018+0000 INFO  {plugin-com.neo4j.plugin.jwt.auth.JwtAuthPlugin} Log in attempted for user 'neo4j'.
2021-05-21 01:57:15.018+0000 ERROR {plugin-com.neo4j.plugin.jwt.auth.JwtAuthPlugin} Invalid serialized unsecured/JWS/JWE object: Missing part delimiters
2021-05-21 01:57:15.018+0000 INFO  [neo4j]: logged in
2021-05-21 01:57:15.077+0000 INFO  {plugin-com.neo4j.plugin.jwt.auth.JwtAuthPlugin} Log in attempted for user 'neo4j'.
2021-05-21 01:57:15.078+0000 ERROR {plugin-com.neo4j.plugin.jwt.auth.JwtAuthPlugin} Invalid serialized unsecured/JWS/JWE object: Missing part delimiters
2021-05-21 01:57:15.079+0000 INFO  [neo4j]: logged in
2021-05-22 16:42:03.107+0000 INFO  {plugin-com.neo4j.plugin.jwt.auth.JwtAuthPlugin} jwt.auth.private_key=certificates/security.key.pem
2021-05-22 16:42:06.210+0000 INFO  Performing postInitialization step for component 'security-users' with version 2 and status CURRENT
2021-05-22 16:42:06.210+0000 INFO  Updating the initial password in component 'security-users'  
2021-05-22 16:42:08.747+0000 INFO  {plugin-com.neo4j.plugin.jwt.auth.JwtAuthPlugin} Log in attempted for user 'neo4j'.
2021-05-22 16:42:08.747+0000 ERROR {plugin-com.neo4j.plugin.jwt.auth.JwtAuthPlugin} Invalid serialized unsecured/JWS/JWE object: Missing part delimiters
2021-05-22 16:42:08.750+0000 INFO  [neo4j]: logged in
2021-05-22 16:42:10.175+0000 INFO  {plugin-com.neo4j.plugin.jwt.auth.JwtAuthPlugin} Log in attempted for user 'neo4j'.
2021-05-22 16:42:10.175+0000 ERROR {plugin-com.neo4j.plugin.jwt.auth.JwtAuthPlugin} Invalid serialized unsecured/JWS/JWE object: Missing part delimiters
2021-05-22 16:42:10.176+0000 INFO  [neo4j]: logged in
2021-05-22 16:42:11.212+0000 INFO  {plugin-com.neo4j.plugin.jwt.auth.JwtAuthPlugin} Log in attempted for user 'neo4j'.
2021-05-22 16:42:11.212+0000 ERROR {plugin-com.neo4j.plugin.jwt.auth.JwtAuthPlugin} Invalid serialized unsecured/JWS/JWE object: Missing part delimiters
2021-05-22 16:42:11.212+0000 INFO  [neo4j]: logged in
2021-05-22 16:42:11.254+0000 INFO  {plugin-com.neo4j.plugin.jwt.auth.JwtAuthPlugin} Log in attempted for user 'neo4j'.
2021-05-22 16:42:11.255+0000 ERROR {plugin-com.neo4j.plugin.jwt.auth.JwtAuthPlugin} Invalid serialized unsecured/JWS/JWE object: Missing part delimiters
2021-05-22 16:42:11.255+0000 INFO  [neo4j]: logged in
2021-05-22 16:42:20.525+0000 INFO  {plugin-com.neo4j.plugin.jwt.auth.JwtAuthPlugin} Log in attempted for user 'neo4j'.
2021-05-22 16:42:20.525+0000 ERROR {plugin-com.neo4j.plugin.jwt.auth.JwtAuthPlugin} Invalid serialized unsecured/JWS/JWE object: Missing part delimiters
2021-05-22 16:42:20.525+0000 INFO  [neo4j]: logged in
2021-05-22 16:42:21.980+0000 INFO  {plugin-com.neo4j.plugin.jwt.auth.JwtAuthPlugin} Log in attempted for user 'neo4j'.
2021-05-22 16:42:21.982+0000 ERROR {plugin-com.neo4j.plugin.jwt.auth.JwtAuthPlugin} Invalid serialized unsecured/JWS/JWE object: Missing part delimiters
2021-05-22 16:42:21.982+0000 INFO  [neo4j]: logged in
2021-05-22 16:42:21.998+0000 INFO  {plugin-com.neo4j.plugin.jwt.auth.JwtAuthPlugin} Log in attempted for user 'neo4j'.
2021-05-22 16:42:21.999+0000 ERROR {plugin-com.neo4j.plugin.jwt.auth.JwtAuthPlugin} Invalid serialized unsecured/JWS/JWE object: Missing part delimiters
2021-05-22 16:42:21.999+0000 INFO  [neo4j]: logged in
2021-05-22 16:42:22.075+0000 INFO  {plugin-com.neo4j.plugin.jwt.auth.JwtAuthPlugin} Log in attempted for user 'neo4j'.
2021-05-22 16:42:22.076+0000 ERROR {plugin-com.neo4j.plugin.jwt.auth.JwtAuthPlugin} Invalid serialized unsecured/JWS/JWE object: Missing part delimiters
2021-05-22 16:42:22.077+0000 INFO  [neo4j]: logged in
2021-05-22 16:42:22.092+0000 INFO  {plugin-com.neo4j.plugin.jwt.auth.JwtAuthPlugin} Log in attempted for user 'neo4j'.
2021-05-22 16:42:22.093+0000 ERROR {plugin-com.neo4j.plugin.jwt.auth.JwtAuthPlugin} Invalid serialized unsecured/JWS/JWE object: Missing part delimiters
2021-05-22 16:42:22.093+0000 INFO  [neo4j]: logged in
2021-05-22 16:42:22.118+0000 INFO  {plugin-com.neo4j.plugin.jwt.auth.JwtAuthPlugin} Log in attempted for user 'neo4j'.
2021-05-22 16:42:22.118+0000 ERROR {plugin-com.neo4j.plugin.jwt.auth.JwtAuthPlugin} Invalid serialized unsecured/JWS/JWE object: Missing part delimiters
2021-05-22 16:42:22.118+0000 INFO  [neo4j]: logged in
2021-05-22 16:42:28.128+0000 INFO  {plugin-com.neo4j.plugin.jwt.auth.JwtAuthPlugin} Log in attempted for user 'neo4j'.
2021-05-22 16:42:28.128+0000 ERROR {plugin-com.neo4j.plugin.jwt.auth.JwtAuthPlugin} Invalid serialized unsecured/JWS/JWE object: Missing part delimiters
2021-05-22 16:42:28.128+0000 INFO  [neo4j]: logged in
2021-05-22 16:44:26.427+0000 INFO  {plugin-com.neo4j.plugin.jwt.auth.JwtAuthPlugin} Log in attempted for user 'neo4j'.
2021-05-22 16:44:26.427+0000 ERROR {plugin-com.neo4j.plugin.jwt.auth.JwtAuthPlugin} Invalid serialized unsecured/JWS/JWE object: Missing part delimiters
2021-05-22 16:44:26.427+0000 INFO  [neo4j]: logged in
2021-05-22 16:44:28.473+0000 INFO  {plugin-com.neo4j.plugin.jwt.auth.JwtAuthPlugin} Log in attempted for user 'neo4j'.
2021-05-22 16:44:28.474+0000 ERROR {plugin-com.neo4j.plugin.jwt.auth.JwtAuthPlugin} Invalid serialized unsecured/JWS/JWE object: Missing part delimiters
2021-05-22 16:44:28.474+0000 INFO  [neo4j]: logged in
2021-05-22 16:44:44.520+0000 INFO  {plugin-com.neo4j.plugin.jwt.auth.JwtAuthPlugin} Log in attempted for user 'neo4j'.
2021-05-22 16:44:44.520+0000 ERROR {plugin-com.neo4j.plugin.jwt.auth.JwtAuthPlugin} Invalid serialized unsecured/JWS/JWE object: Missing part delimiters
2021-05-22 16:44:44.520+0000 INFO  [neo4j]: logged in
2021-05-22 16:45:37.262+0000 INFO  {plugin-com.neo4j.plugin.jwt.auth.JwtAuthPlugin} Log in attempted for user 'neo4j'.
2021-05-22 16:45:37.262+0000 ERROR {plugin-com.neo4j.plugin.jwt.auth.JwtAuthPlugin} Invalid serialized unsecured/JWS/JWE object: Missing part delimiters
2021-05-22 16:45:37.262+0000 INFO  [neo4j]: logged in
2021-05-22 16:45:39.294+0000 INFO  {plugin-com.neo4j.plugin.jwt.auth.JwtAuthPlugin} Log in attempted for user 'neo4j'.
2021-05-22 16:45:39.294+0000 ERROR {plugin-com.neo4j.plugin.jwt.auth.JwtAuthPlugin} Invalid serialized unsecured/JWS/JWE object: Missing part delimiters
2021-05-22 16:45:39.294+0000 INFO  [neo4j]: logged in
2021-05-22 16:45:51.590+0000 INFO  {plugin-com.neo4j.plugin.jwt.auth.JwtAuthPlugin} Log in attempted for user 'neo4j'.
2021-05-22 16:45:51.590+0000 ERROR {plugin-com.neo4j.plugin.jwt.auth.JwtAuthPlugin} Invalid serialized unsecured/JWS/JWE object: Missing part delimiters
2021-05-22 16:45:51.590+0000 INFO  [neo4j]: logged in
2021-05-22 16:48:38.753+0000 INFO  {plugin-com.neo4j.plugin.jwt.auth.JwtAuthPlugin} Log in attempted for user 'neo4j'.
2021-05-22 16:48:38.753+0000 ERROR {plugin-com.neo4j.plugin.jwt.auth.JwtAuthPlugin} Invalid serialized unsecured/JWS/JWE object: Missing part delimiters
2021-05-22 16:48:38.753+0000 INFO  [neo4j]: logged in
2021-05-22 16:49:00.970+0000 INFO  {plugin-com.neo4j.plugin.jwt.auth.JwtAuthPlugin} Log in attempted for user 'neo4j'.
2021-05-22 16:49:00.970+0000 ERROR {plugin-com.neo4j.plugin.jwt.auth.JwtAuthPlugin} Invalid serialized unsecured/JWS/JWE object: Missing part delimiters
2021-05-22 16:49:00.970+0000 INFO  [neo4j]: logged in
2021-05-22 16:49:11.834+0000 INFO  {plugin-com.neo4j.plugin.jwt.auth.JwtAuthPlugin} Log in attempted for user 'neo4j'.
2021-05-22 16:49:11.834+0000 ERROR {plugin-com.neo4j.plugin.jwt.auth.JwtAuthPlugin} Invalid serialized unsecured/JWS/JWE object: Missing part delimiters
2021-05-22 16:49:11.834+0000 INFO  [neo4j]: logged in
2021-05-22 17:42:22.886+0000 INFO  {plugin-com.neo4j.plugin.jwt.auth.JwtAuthPlugin} Log in attempted for user 'neo4j'.
2021-05-22 17:42:22.886+0000 ERROR {plugin-com.neo4j.plugin.jwt.auth.JwtAuthPlugin} Invalid serialized unsecured/JWS/JWE object: Missing part delimiters
2021-05-22 17:42:22.887+0000 INFO  [neo4j]: logged in
2021-05-22 17:42:23.186+0000 INFO  {plugin-com.neo4j.plugin.jwt.auth.JwtAuthPlugin} Log in attempted for user 'neo4j'.
2021-05-22 17:42:23.186+0000 ERROR {plugin-com.neo4j.plugin.jwt.auth.JwtAuthPlugin} Invalid serialized unsecured/JWS/JWE object: Missing part delimiters
2021-05-22 17:42:23.186+0000 INFO  [neo4j]: logged in
2021-05-22 17:51:12.164+0000 INFO  {plugin-com.neo4j.plugin.jwt.auth.JwtAuthPlugin} Log in attempted for user 'neo4j'.
2021-05-22 17:51:12.164+0000 ERROR {plugin-com.neo4j.plugin.jwt.auth.JwtAuthPlugin} Invalid serialized unsecured/JWS/JWE object: Missing part delimiters
2021-05-22 17:51:12.164+0000 INFO  [neo4j]: logged in
2021-05-22 17:52:07.389+0000 INFO  {plugin-com.neo4j.plugin.jwt.auth.JwtAuthPlugin} Log in attempted for user 'neo4j'.
2021-05-22 17:52:07.389+0000 ERROR {plugin-com.neo4j.plugin.jwt.auth.JwtAuthPlugin} Invalid serialized unsecured/JWS/JWE object: Missing part delimiters
2021-05-22 17:52:07.389+0000 INFO  [neo4j]: logged in
2021-05-22 17:52:15.706+0000 INFO  {plugin-com.neo4j.plugin.jwt.auth.JwtAuthPlugin} Log in attempted for user 'neo4j'.
2021-05-22 17:52:15.706+0000 ERROR {plugin-com.neo4j.plugin.jwt.auth.JwtAuthPlugin} Invalid serialized unsecured/JWS/JWE object: Missing part delimiters
2021-05-22 17:52:15.706+0000 INFO  [neo4j]: logged in
2021-05-22 17:54:39.436+0000 INFO  {plugin-com.neo4j.plugin.jwt.auth.JwtAuthPlugin} Log in attempted for user 'neo4j'.
2021-05-22 17:54:39.436+0000 ERROR {plugin-com.neo4j.plugin.jwt.auth.JwtAuthPlugin} Invalid serialized unsecured/JWS/JWE object: Missing part delimiters
2021-05-22 17:54:39.436+0000 INFO  [neo4j]: logged in
2021-05-22 17:55:19.362+0000 INFO  {plugin-com.neo4j.plugin.jwt.auth.JwtAuthPlugin} Log in attempted for user 'neo4j'.
2021-05-22 17:55:19.362+0000 ERROR {plugin-com.neo4j.plugin.jwt.auth.JwtAuthPlugin} Invalid serialized unsecured/JWS/JWE object: Missing part delimiters
2021-05-22 17:55:19.362+0000 INFO  [neo4j]: logged in
2021-05-22 18:42:25.029+0000 INFO  {plugin-com.neo4j.plugin.jwt.auth.JwtAuthPlugin} Log in attempted for user 'neo4j'.
2021-05-22 18:42:25.029+0000 ERROR {plugin-com.neo4j.plugin.jwt.auth.JwtAuthPlugin} Invalid serialized unsecured/JWS/JWE object: Missing part delimiters
2021-05-22 18:42:25.030+0000 INFO  [neo4j]: logged in
2021-05-22 18:42:25.329+0000 INFO  {plugin-com.neo4j.plugin.jwt.auth.JwtAuthPlugin} Log in attempted for user 'neo4j'.
2021-05-22 18:42:25.330+0000 ERROR {plugin-com.neo4j.plugin.jwt.auth.JwtAuthPlugin} Invalid serialized unsecured/JWS/JWE object: Missing part delimiters
2021-05-22 18:42:25.330+0000 INFO  [neo4j]: logged in
2021-05-22 19:42:26.894+0000 INFO  {plugin-com.neo4j.plugin.jwt.auth.JwtAuthPlugin} Log in attempted for user 'neo4j'.
2021-05-22 19:42:26.894+0000 ERROR {plugin-com.neo4j.plugin.jwt.auth.JwtAuthPlugin} Invalid serialized unsecured/JWS/JWE object: Missing part delimiters
2021-05-22 19:42:26.894+0000 INFO  [neo4j]: logged in
2021-05-22 19:42:27.193+0000 INFO  {plugin-com.neo4j.plugin.jwt.auth.JwtAuthPlugin} Log in attempted for user 'neo4j'.
2021-05-22 19:42:27.194+0000 ERROR {plugin-com.neo4j.plugin.jwt.auth.JwtAuthPlugin} Invalid serialized unsecured/JWS/JWE object: Missing part delimiters
2021-05-22 19:42:27.194+0000 INFO  [neo4j]: logged in
2021-05-22 20:42:28.797+0000 INFO  {plugin-com.neo4j.plugin.jwt.auth.JwtAuthPlugin} Log in attempted for user 'neo4j'.
2021-05-22 20:42:28.797+0000 ERROR {plugin-com.neo4j.plugin.jwt.auth.JwtAuthPlugin} Invalid serialized unsecured/JWS/JWE object: Missing part delimiters
2021-05-22 20:42:28.797+0000 INFO  [neo4j]: logged in
2021-05-22 20:42:29.094+0000 INFO  {plugin-com.neo4j.plugin.jwt.auth.JwtAuthPlugin} Log in attempted for user 'neo4j'.
2021-05-22 20:42:29.094+0000 ERROR {plugin-com.neo4j.plugin.jwt.auth.JwtAuthPlugin} Invalid serialized unsecured/JWS/JWE object: Missing part delimiters
2021-05-22 20:42:29.094+0000 INFO  [neo4j]: logged in
2021-05-22 21:42:30.707+0000 INFO  {plugin-com.neo4j.plugin.jwt.auth.JwtAuthPlugin} Log in attempted for user 'neo4j'.
2021-05-22 21:42:30.707+0000 ERROR {plugin-com.neo4j.plugin.jwt.auth.JwtAuthPlugin} Invalid serialized unsecured/JWS/JWE object: Missing part delimiters
2021-05-22 21:42:30.707+0000 INFO  [neo4j]: logged in
2021-05-22 21:42:31.005+0000 INFO  {plugin-com.neo4j.plugin.jwt.auth.JwtAuthPlugin} Log in attempted for user 'neo4j'.
2021-05-22 21:42:31.005+0000 ERROR {plugin-com.neo4j.plugin.jwt.auth.JwtAuthPlugin} Invalid serialized unsecured/JWS/JWE object: Missing part delimiters
2021-05-22 21:42:31.006+0000 INFO  [neo4j]: logged in
2021-05-22 22:42:32.592+0000 INFO  {plugin-com.neo4j.plugin.jwt.auth.JwtAuthPlugin} Log in attempted for user 'neo4j'.
2021-05-22 22:42:32.592+0000 ERROR {plugin-com.neo4j.plugin.jwt.auth.JwtAuthPlugin} Invalid serialized unsecured/JWS/JWE object: Missing part delimiters
2021-05-22 22:42:32.592+0000 INFO  [neo4j]: logged in
2021-05-22 22:42:32.892+0000 INFO  {plugin-com.neo4j.plugin.jwt.auth.JwtAuthPlugin} Log in attempted for user 'neo4j'.
2021-05-22 22:42:32.892+0000 ERROR {plugin-com.neo4j.plugin.jwt.auth.JwtAuthPlugin} Invalid serialized unsecured/JWS/JWE object: Missing part delimiters
2021-05-22 22:42:32.892+0000 INFO  [neo4j]: logged in
2021-05-22 23:18:05.007+0000 INFO  {plugin-com.neo4j.plugin.jwt.auth.JwtAuthPlugin} Log in attempted for user 'neo4j'.
2021-05-22 23:18:05.007+0000 ERROR {plugin-com.neo4j.plugin.jwt.auth.JwtAuthPlugin} Invalid serialized unsecured/JWS/JWE object: Missing part delimiters
2021-05-22 23:18:05.008+0000 ERROR [neo4j]: failed to log in: invalid principal or credentials
2021-05-22 23:23:07.708+0000 INFO  {plugin-com.neo4j.plugin.jwt.auth.JwtAuthPlugin} Log in attempted for user 'neo4j'.
2021-05-22 23:23:07.708+0000 ERROR {plugin-com.neo4j.plugin.jwt.auth.JwtAuthPlugin} Invalid serialized unsecured/JWS/JWE object: Missing part delimiters
2021-05-22 23:23:07.708+0000 INFO  [neo4j]: logged in
2021-05-22 23:23:37.634+0000 INFO  {plugin-com.neo4j.plugin.jwt.auth.JwtAuthPlugin} Log in attempted for user 'neo4j'.
2021-05-22 23:23:37.634+0000 ERROR {plugin-com.neo4j.plugin.jwt.auth.JwtAuthPlugin} Invalid serialized unsecured/JWS/JWE object: Missing part delimiters
2021-05-22 23:23:37.634+0000 INFO  [neo4j]: logged in
2021-05-22 23:24:15.073+0000 INFO  {plugin-com.neo4j.plugin.jwt.auth.JwtAuthPlugin} Log in attempted for user 'neo4j'.
2021-05-22 23:24:15.073+0000 ERROR {plugin-com.neo4j.plugin.jwt.auth.JwtAuthPlugin} Invalid serialized unsecured/JWS/JWE object: Missing part delimiters
2021-05-22 23:24:15.073+0000 INFO  [neo4j]: logged in
2021-05-22 23:24:39.292+0000 INFO  {plugin-com.neo4j.plugin.jwt.auth.JwtAuthPlugin} Log in attempted for user 'neo4j'.
2021-05-22 23:24:39.292+0000 ERROR {plugin-com.neo4j.plugin.jwt.auth.JwtAuthPlugin} Invalid serialized unsecured/JWS/JWE object: Missing part delimiters
2021-05-22 23:24:39.293+0000 INFO  [neo4j]: logged in
2021-05-22 23:25:18.991+0000 INFO  {plugin-com.neo4j.plugin.jwt.auth.JwtAuthPlugin} Log in attempted for user 'neo4j'.
2021-05-22 23:25:18.991+0000 ERROR {plugin-com.neo4j.plugin.jwt.auth.JwtAuthPlugin} Invalid serialized unsecured/JWS/JWE object: Missing part delimiters
2021-05-22 23:25:18.991+0000 INFO  [neo4j]: logged in
2021-05-22 23:25:42.628+0000 INFO  {plugin-com.neo4j.plugin.jwt.auth.JwtAuthPlugin} Log in attempted for user 'neo4j'.
2021-05-22 23:25:42.628+0000 ERROR {plugin-com.neo4j.plugin.jwt.auth.JwtAuthPlugin} Invalid serialized unsecured/JWS/JWE object: Missing part delimiters
2021-05-22 23:25:42.628+0000 INFO  [neo4j]: logged in
2021-05-22 23:26:42.377+0000 INFO  {plugin-com.neo4j.plugin.jwt.auth.JwtAuthPlugin} Log in attempted for user 'neo4j'.
2021-05-22 23:26:42.377+0000 ERROR {plugin-com.neo4j.plugin.jwt.auth.JwtAuthPlugin} Invalid serialized unsecured/JWS/JWE object: Missing part delimiters
2021-05-22 23:26:42.377+0000 INFO  [neo4j]: logged in
2021-05-22 23:27:57.027+0000 INFO  {plugin-com.neo4j.plugin.jwt.auth.JwtAuthPlugin} Log in attempted for user 'neo4j'.
2021-05-22 23:27:57.027+0000 ERROR {plugin-com.neo4j.plugin.jwt.auth.JwtAuthPlugin} Invalid serialized unsecured/JWS/JWE object: Missing part delimiters
2021-05-22 23:27:57.027+0000 INFO  [neo4j]: logged in
2021-05-22 23:28:07.062+0000 INFO  {plugin-com.neo4j.plugin.jwt.auth.JwtAuthPlugin} Log in attempted for user 'neo4j'.
2021-05-22 23:28:07.062+0000 ERROR {plugin-com.neo4j.plugin.jwt.auth.JwtAuthPlugin} Invalid serialized unsecured/JWS/JWE object: Missing part delimiters
2021-05-22 23:28:07.062+0000 INFO  [neo4j]: logged in
2021-05-22 23:28:21.062+0000 INFO  {plugin-com.neo4j.plugin.jwt.auth.JwtAuthPlugin} Log in attempted for user 'neo4j'.
2021-05-22 23:28:21.062+0000 ERROR {plugin-com.neo4j.plugin.jwt.auth.JwtAuthPlugin} Invalid serialized unsecured/JWS/JWE object: Missing part delimiters
2021-05-22 23:28:21.062+0000 INFO  [neo4j]: logged in
2021-05-22 23:29:10.571+0000 INFO  {plugin-com.neo4j.plugin.jwt.auth.JwtAuthPlugin} Log in attempted for user 'neo4j'.
2021-05-22 23:29:10.571+0000 ERROR {plugin-com.neo4j.plugin.jwt.auth.JwtAuthPlugin} Invalid serialized unsecured/JWS/JWE object: Missing part delimiters
2021-05-22 23:29:10.571+0000 INFO  [neo4j]: logged in
2021-05-22 23:29:32.032+0000 INFO  {plugin-com.neo4j.plugin.jwt.auth.JwtAuthPlugin} Log in attempted for user 'neo4j'.
2021-05-22 23:29:32.032+0000 ERROR {plugin-com.neo4j.plugin.jwt.auth.JwtAuthPlugin} Invalid serialized unsecured/JWS/JWE object: Missing part delimiters
2021-05-22 23:29:32.033+0000 INFO  [neo4j]: logged in
2021-05-22 23:29:56.707+0000 INFO  {plugin-com.neo4j.plugin.jwt.auth.JwtAuthPlugin} Log in attempted for user 'neo4j'.
2021-05-22 23:29:56.708+0000 ERROR {plugin-com.neo4j.plugin.jwt.auth.JwtAuthPlugin} Invalid serialized unsecured/JWS/JWE object: Missing part delimiters
2021-05-22 23:29:56.708+0000 INFO  [neo4j]: logged in
2021-05-22 23:30:36.636+0000 INFO  {plugin-com.neo4j.plugin.jwt.auth.JwtAuthPlugin} Log in attempted for user 'neo4j'.
2021-05-22 23:30:36.636+0000 ERROR {plugin-com.neo4j.plugin.jwt.auth.JwtAuthPlugin} Invalid serialized unsecured/JWS/JWE object: Missing part delimiters
2021-05-22 23:30:36.636+0000 INFO  [neo4j]: logged in
2021-05-22 23:42:34.202+0000 INFO  {plugin-com.neo4j.plugin.jwt.auth.JwtAuthPlugin} Log in attempted for user 'neo4j'.
2021-05-22 23:42:34.203+0000 ERROR {plugin-com.neo4j.plugin.jwt.auth.JwtAuthPlugin} Invalid serialized unsecured/JWS/JWE object: Missing part delimiters
2021-05-22 23:42:34.203+0000 INFO  [neo4j]: logged in
2021-05-22 23:42:34.503+0000 INFO  {plugin-com.neo4j.plugin.jwt.auth.JwtAuthPlugin} Log in attempted for user 'neo4j'.
2021-05-22 23:42:34.503+0000 ERROR {plugin-com.neo4j.plugin.jwt.auth.JwtAuthPlugin} Invalid serialized unsecured/JWS/JWE object: Missing part delimiters
2021-05-22 23:42:34.503+0000 INFO  [neo4j]: logged in
2021-05-23 00:42:35.861+0000 INFO  {plugin-com.neo4j.plugin.jwt.auth.JwtAuthPlugin} Log in attempted for user 'neo4j'.
2021-05-23 00:42:35.861+0000 ERROR {plugin-com.neo4j.plugin.jwt.auth.JwtAuthPlugin} Invalid serialized unsecured/JWS/JWE object: Missing part delimiters
2021-05-23 00:42:35.861+0000 INFO  [neo4j]: logged in
2021-05-23 00:42:36.162+0000 INFO  {plugin-com.neo4j.plugin.jwt.auth.JwtAuthPlugin} Log in attempted for user 'neo4j'.
2021-05-23 00:42:36.162+0000 ERROR {plugin-com.neo4j.plugin.jwt.auth.JwtAuthPlugin} Invalid serialized unsecured/JWS/JWE object: Missing part delimiters
2021-05-23 00:42:36.162+0000 INFO  [neo4j]: logged in
2021-05-23 01:42:37.614+0000 INFO  {plugin-com.neo4j.plugin.jwt.auth.JwtAuthPlugin} Log in attempted for user 'neo4j'.
2021-05-23 01:42:37.614+0000 ERROR {plugin-com.neo4j.plugin.jwt.auth.JwtAuthPlugin} Invalid serialized unsecured/JWS/JWE object: Missing part delimiters
2021-05-23 01:42:37.614+0000 INFO  [neo4j]: logged in
2021-05-23 01:42:37.917+0000 INFO  {plugin-com.neo4j.plugin.jwt.auth.JwtAuthPlugin} Log in attempted for user 'neo4j'.
2021-05-23 01:42:37.917+0000 ERROR {plugin-com.neo4j.plugin.jwt.auth.JwtAuthPlugin} Invalid serialized unsecured/JWS/JWE object: Missing part delimiters
2021-05-23 01:42:37.917+0000 INFO  [neo4j]: logged in
2021-05-23 01:47:30.678+0000 INFO  {plugin-com.neo4j.plugin.jwt.auth.JwtAuthPlugin} Log in attempted for user 'neo4j'.
2021-05-23 01:47:30.678+0000 ERROR {plugin-com.neo4j.plugin.jwt.auth.JwtAuthPlugin} Invalid serialized unsecured/JWS/JWE object: Missing part delimiters
2021-05-23 01:47:30.678+0000 INFO  [neo4j]: logged in
2021-05-23 01:47:30.818+0000 INFO  {plugin-com.neo4j.plugin.jwt.auth.JwtAuthPlugin} Log in attempted for user 'neo4j'.
2021-05-23 01:47:30.818+0000 ERROR {plugin-com.neo4j.plugin.jwt.auth.JwtAuthPlugin} Invalid serialized unsecured/JWS/JWE object: Missing part delimiters
2021-05-23 01:47:30.818+0000 INFO  [neo4j]: logged in
2021-05-23 01:47:30.850+0000 INFO  {plugin-com.neo4j.plugin.jwt.auth.JwtAuthPlugin} Log in attempted for user 'neo4j'.
2021-05-23 01:47:30.850+0000 ERROR {plugin-com.neo4j.plugin.jwt.auth.JwtAuthPlugin} Invalid serialized unsecured/JWS/JWE object: Missing part delimiters
2021-05-23 01:47:30.850+0000 INFO  [neo4j]: logged in
